# JRE version: OpenJDK Runtime Environment (8.0_131-b11) (build 1.8.0_131-8u131-b11-2ubuntu1.16.04.3-b11)
# Java VM: OpenJDK 64-Bit Server VM (25.131-b11 mixed mode linux-amd64 compressed oops)
Heap:
 PSYoungGen      total 138240K, used 5508K [0x00000000ebe00000, 0x00000000f5200000, 0x0000000100000000)
  eden space 126976K, 0% used [0x00000000ebe00000,0x00000000ebe00000,0x00000000f3a00000)
  from space 11264K, 48% used [0x00000000f4700000,0x00000000f4c613e0,0x00000000f5200000)
  to   space 12288K, 0% used [0x00000000f3a00000,0x00000000f3a00000,0x00000000f4600000)
 ParOldGen       total 42496K, used 18936K [0x00000000c3a00000, 0x00000000c6380000, 0x00000000ebe00000)
  object space 42496K, 44% used [0x00000000c3a00000,0x00000000c4c7e058,0x00000000c6380000)
 Metaspace       used 20942K, capacity 21172K, committed 21248K, reserved 1069056K
  class space    used 2485K, capacity 2538K, committed 2560K, reserved 1048576K
GC Heap History (10 events):
Event: 0,530 GC heap after
Heap after GC invocations=2 (full 0):
 PSYoungGen      total 34304K, used 2557K [0x00000000ebe00000, 0x00000000ee200000, 0x0000000100000000)
  eden space 31744K, 0% used [0x00000000ebe00000,0x00000000ebe00000,0x00000000edd00000)
  from space 2560K, 99% used [0x00000000edf80000,0x00000000ee1ff448,0x00000000ee200000)
  to   space 2560K, 0% used [0x00000000edd00000,0x00000000edd00000,0x00000000edf80000)
 ParOldGen       total 42496K, used 664K [0x00000000c3a00000, 0x00000000c6380000, 0x00000000ebe00000)
  object space 42496K, 1% used [0x00000000c3a00000,0x00000000c3aa60f8,0x00000000c6380000)
 Metaspace       used 7183K, capacity 7318K, committed 7552K, reserved 1056768K
  class space    used 826K, capacity 885K, committed 896K, reserved 1048576K
}
Event: 0,792 GC heap before
{Heap before GC invocations=3 (full 0):
 PSYoungGen      total 34304K, used 34301K [0x00000000ebe00000, 0x00000000ee200000, 0x0000000100000000)
  eden space 31744K, 100% used [0x00000000ebe00000,0x00000000edd00000,0x00000000edd00000)
  from space 2560K, 99% used [0x00000000edf80000,0x00000000ee1ff448,0x00000000ee200000)
  to   space 2560K, 0% used [0x00000000edd00000,0x00000000edd00000,0x00000000edf80000)
 ParOldGen       total 42496K, used 664K [0x00000000c3a00000, 0x00000000c6380000, 0x00000000ebe00000)
  object space 42496K, 1% used [0x00000000c3a00000,0x00000000c3aa60f8,0x00000000c6380000)
 Metaspace       used 9866K, capacity 10062K, committed 10240K, reserved 1058816K
  class space    used 1185K, capacity 1241K, committed 1280K, reserved 1048576K
Event: 0,796 GC heap after
Heap after GC invocations=3 (full 0):
 PSYoungGen      total 34304K, used 2530K [0x00000000ebe00000, 0x00000000f0100000, 0x0000000100000000)
  eden space 31744K, 0% used [0x00000000ebe00000,0x00000000ebe00000,0x00000000edd00000)
  from space 2560K, 98% used [0x00000000edd00000,0x00000000edf789f8,0x00000000edf80000)
  to   space 2560K, 0% used [0x00000000efe80000,0x00000000efe80000,0x00000000f0100000)
 ParOldGen       total 42496K, used 2470K [0x00000000c3a00000, 0x00000000c6380000, 0x00000000ebe00000)
  object space 42496K, 5% used [0x00000000c3a00000,0x00000000c3c69950,0x00000000c6380000)
 Metaspace       used 9866K, capacity 10062K, committed 10240K, reserved 1058816K
  class space    used 1185K, capacity 1241K, committed 1280K, reserved 1048576K
}
Event: 0,992 GC heap before
{Heap before GC invocations=4 (full 0):
 PSYoungGen      total 34304K, used 34274K [0x00000000ebe00000, 0x00000000f0100000, 0x0000000100000000)
  eden space 31744K, 100% used [0x00000000ebe00000,0x00000000edd00000,0x00000000edd00000)
  from space 2560K, 98% used [0x00000000edd00000,0x00000000edf789f8,0x00000000edf80000)
  to   space 2560K, 0% used [0x00000000efe80000,0x00000000efe80000,0x00000000f0100000)
 ParOldGen       total 42496K, used 2470K [0x00000000c3a00000, 0x00000000c6380000, 0x00000000ebe00000)
  object space 42496K, 5% used [0x00000000c3a00000,0x00000000c3c69950,0x00000000c6380000)
 Metaspace       used 12666K, capacity 12910K, committed 12928K, reserved 1060864K
  class space    used 1597K, capacity 1657K, committed 1664K, reserved 1048576K
Event: 1,001 GC heap after
Heap after GC invocations=4 (full 0):
 PSYoungGen      total 66048K, used 2544K [0x00000000ebe00000, 0x00000000f0100000, 0x0000000100000000)
  eden space 63488K, 0% used [0x00000000ebe00000,0x00000000ebe00000,0x00000000efc00000)
  from space 2560K, 99% used [0x00000000efe80000,0x00000000f00fc0d8,0x00000000f0100000)
  to   space 2560K, 0% used [0x00000000efc00000,0x00000000efc00000,0x00000000efe80000)
 ParOldGen       total 42496K, used 10393K [0x00000000c3a00000, 0x00000000c6380000, 0x00000000ebe00000)
  object space 42496K, 24% used [0x00000000c3a00000,0x00000000c4426738,0x00000000c6380000)
 Metaspace       used 12666K, capacity 12910K, committed 12928K, reserved 1060864K
  class space    used 1597K, capacity 1657K, committed 1664K, reserved 1048576K
}
Event: 1,396 GC heap before
{Heap before GC invocations=5 (full 0):
 PSYoungGen      total 66048K, used 66032K [0x00000000ebe00000, 0x00000000f0100000, 0x0000000100000000)
  eden space 63488K, 100% used [0x00000000ebe00000,0x00000000efc00000,0x00000000efc00000)
  from space 2560K, 99% used [0x00000000efe80000,0x00000000f00fc0d8,0x00000000f0100000)
  to   space 2560K, 0% used [0x00000000efc00000,0x00000000efc00000,0x00000000efe80000)
 ParOldGen       total 42496K, used 10393K [0x00000000c3a00000, 0x00000000c6380000, 0x00000000ebe00000)
  object space 42496K, 24% used [0x00000000c3a00000,0x00000000c4426738,0x00000000c6380000)
 Metaspace       used 18874K, capacity 19112K, committed 19200K, reserved 1067008K
  class space    used 2223K, capacity 2280K, committed 2304K, reserved 1048576K
Event: 1,408 GC heap after
Heap after GC invocations=5 (full 0):
 PSYoungGen      total 66048K, used 2557K [0x00000000ebe00000, 0x00000000f5400000, 0x0000000100000000)
  eden space 63488K, 0% used [0x00000000ebe00000,0x00000000ebe00000,0x00000000efc00000)
  from space 2560K, 99% used [0x00000000efc00000,0x00000000efe7f798,0x00000000efe80000)
  to   space 13312K, 0% used [0x00000000f4700000,0x00000000f4700000,0x00000000f5400000)
 ParOldGen       total 42496K, used 18928K [0x00000000c3a00000, 0x00000000c6380000, 0x00000000ebe00000)
  object space 42496K, 44% used [0x00000000c3a00000,0x00000000c4c7c058,0x00000000c6380000)
 Metaspace       used 18874K, capacity 19112K, committed 19200K, reserved 1067008K
  class space    used 2223K, capacity 2280K, committed 2304K, reserved 1048576K
}
Event: 1,541 GC heap before
{Heap before GC invocations=6 (full 0):
 PSYoungGen      total 66048K, used 38904K [0x00000000ebe00000, 0x00000000f5400000, 0x0000000100000000)
  eden space 63488K, 57% used [0x00000000ebe00000,0x00000000ee17e888,0x00000000efc00000)
  from space 2560K, 99% used [0x00000000efc00000,0x00000000efe7f798,0x00000000efe80000)
  to   space 13312K, 0% used [0x00000000f4700000,0x00000000f4700000,0x00000000f5400000)
 ParOldGen       total 42496K, used 18928K [0x00000000c3a00000, 0x00000000c6380000, 0x00000000ebe00000)
  object space 42496K, 44% used [0x00000000c3a00000,0x00000000c4c7c058,0x00000000c6380000)
 Metaspace       used 20942K, capacity 21172K, committed 21248K, reserved 1069056K
  class space    used 2485K, capacity 2538K, committed 2560K, reserved 1048576K
Event: 1,548 GC heap after
Heap after GC invocations=6 (full 0):
 PSYoungGen      total 138240K, used 5508K [0x00000000ebe00000, 0x00000000f5200000, 0x0000000100000000)
  eden space 126976K, 0% used [0x00000000ebe00000,0x00000000ebe00000,0x00000000f3a00000)
  from space 11264K, 48% used [0x00000000f4700000,0x00000000f4c613e0,0x00000000f5200000)
  to   space 12288K, 0% used [0x00000000f3a00000,0x00000000f3a00000,0x00000000f4600000)
 ParOldGen       total 42496K, used 18936K [0x00000000c3a00000, 0x00000000c6380000, 0x00000000ebe00000)
  object space 42496K, 44% used [0x00000000c3a00000,0x00000000c4c7e058,0x00000000c6380000)
 Metaspace       used 20942K, capacity 21172K, committed 21248K, reserved 1069056K
  class space    used 2485K, capacity 2538K, committed 2560K, reserved 1048576K
}
Event: 1,548 GC heap before
{Heap before GC invocations=7 (full 1):
 PSYoungGen      total 138240K, used 5508K [0x00000000ebe00000, 0x00000000f5200000, 0x0000000100000000)
  eden space 126976K, 0% used [0x00000000ebe00000,0x00000000ebe00000,0x00000000f3a00000)
  from space 11264K, 48% used [0x00000000f4700000,0x00000000f4c613e0,0x00000000f5200000)
  to   space 12288K, 0% used [0x00000000f3a00000,0x00000000f3a00000,0x00000000f4600000)
 ParOldGen       total 42496K, used 18936K [0x00000000c3a00000, 0x00000000c6380000, 0x00000000ebe00000)
  object space 42496K, 44% used [0x00000000c3a00000,0x00000000c4c7e058,0x00000000c6380000)
 Metaspace       used 20942K, capacity 21172K, committed 21248K, reserved 1069056K
  class space    used 2485K, capacity 2538K, committed 2560K, reserved 1048576K

