# JRE version: OpenJDK Runtime Environment (8.0_131-b11) (build 1.8.0_131-8u131-b11-2ubuntu1.16.04.3-b11)
# Java VM: OpenJDK 64-Bit Server VM (25.131-b11 mixed mode linux-amd64 compressed oops)
Heap:
 PSYoungGen      total 200704K, used 15679K [0x00000000ebe00000, 0x00000000fc180000, 0x0000000100000000)
  eden space 184832K, 0% used [0x00000000ebe00000,0x00000000ebe00000,0x00000000f7280000)
  from space 15872K, 98% used [0x00000000fae00000,0x00000000fbd4fe58,0x00000000fbd80000)
  to   space 4096K, 0% used [0x00000000fbd80000,0x00000000fbd80000,0x00000000fc180000)
 ParOldGen       total 50688K, used 23235K [0x00000000c3a00000, 0x00000000c6b80000, 0x00000000ebe00000)
  object space 50688K, 45% used [0x00000000c3a00000,0x00000000c50b0f70,0x00000000c6b80000)
 Metaspace       used 28662K, capacity 29618K, committed 29744K, reserved 1075200K
  class space    used 3311K, capacity 3606K, committed 3632K, reserved 1048576K
GC Heap History (10 events):
Event: 4,173 GC heap after
Heap after GC invocations=6 (full 0):
 PSYoungGen      total 136704K, used 7432K [0x00000000ebe00000, 0x00000000f4f00000, 0x0000000100000000)
  eden space 126464K, 0% used [0x00000000ebe00000,0x00000000ebe00000,0x00000000f3980000)
  from space 10240K, 72% used [0x00000000f4400000,0x00000000f4b420b8,0x00000000f4e00000)
  to   space 10752K, 0% used [0x00000000f3980000,0x00000000f3980000,0x00000000f4400000)
 ParOldGen       total 42496K, used 14269K [0x00000000c3a00000, 0x00000000c6380000, 0x00000000ebe00000)
  object space 42496K, 33% used [0x00000000c3a00000,0x00000000c47ef560,0x00000000c6380000)
 Metaspace       used 16992K, capacity 17408K, committed 17792K, reserved 1064960K
  class space    used 1964K, capacity 2088K, committed 2176K, reserved 1048576K
}
Event: 5,465 GC heap before
{Heap before GC invocations=7 (full 0):
 PSYoungGen      total 136704K, used 70160K [0x00000000ebe00000, 0x00000000f4f00000, 0x0000000100000000)
  eden space 126464K, 49% used [0x00000000ebe00000,0x00000000efb41ff8,0x00000000f3980000)
  from space 10240K, 72% used [0x00000000f4400000,0x00000000f4b420b8,0x00000000f4e00000)
  to   space 10752K, 0% used [0x00000000f3980000,0x00000000f3980000,0x00000000f4400000)
 ParOldGen       total 42496K, used 14269K [0x00000000c3a00000, 0x00000000c6380000, 0x00000000ebe00000)
  object space 42496K, 33% used [0x00000000c3a00000,0x00000000c47ef560,0x00000000c6380000)
 Metaspace       used 20760K, capacity 21272K, committed 21296K, reserved 1069056K
  class space    used 2454K, capacity 2605K, committed 2608K, reserved 1048576K
Event: 5,521 GC heap after
Heap after GC invocations=7 (full 0):
 PSYoungGen      total 137216K, used 10316K [0x00000000ebe00000, 0x00000000fcd00000, 0x0000000100000000)
  eden space 126464K, 0% used [0x00000000ebe00000,0x00000000ebe00000,0x00000000f3980000)
  from space 10752K, 95% used [0x00000000f3980000,0x00000000f43932d0,0x00000000f4400000)
  to   space 12288K, 0% used [0x00000000fc100000,0x00000000fc100000,0x00000000fcd00000)
 ParOldGen       total 42496K, used 14901K [0x00000000c3a00000, 0x00000000c6380000, 0x00000000ebe00000)
  object space 42496K, 35% used [0x00000000c3a00000,0x00000000c488d5b0,0x00000000c6380000)
 Metaspace       used 20760K, capacity 21272K, committed 21296K, reserved 1069056K
  class space    used 2454K, capacity 2605K, committed 2608K, reserved 1048576K
}
Event: 5,521 GC heap before
{Heap before GC invocations=8 (full 1):
 PSYoungGen      total 137216K, used 10316K [0x00000000ebe00000, 0x00000000fcd00000, 0x0000000100000000)
  eden space 126464K, 0% used [0x00000000ebe00000,0x00000000ebe00000,0x00000000f3980000)
  from space 10752K, 95% used [0x00000000f3980000,0x00000000f43932d0,0x00000000f4400000)
  to   space 12288K, 0% used [0x00000000fc100000,0x00000000fc100000,0x00000000fcd00000)
 ParOldGen       total 42496K, used 14901K [0x00000000c3a00000, 0x00000000c6380000, 0x00000000ebe00000)
  object space 42496K, 35% used [0x00000000c3a00000,0x00000000c488d5b0,0x00000000c6380000)
 Metaspace       used 20760K, capacity 21272K, committed 21296K, reserved 1069056K
  class space    used 2454K, capacity 2605K, committed 2608K, reserved 1048576K
Event: 5,718 GC heap after
Heap after GC invocations=8 (full 1):
 PSYoungGen      total 137216K, used 0K [0x00000000ebe00000, 0x00000000fcd00000, 0x0000000100000000)
  eden space 126464K, 0% used [0x00000000ebe00000,0x00000000ebe00000,0x00000000f3980000)
  from space 10752K, 0% used [0x00000000f3980000,0x00000000f3980000,0x00000000f4400000)
  to   space 12288K, 0% used [0x00000000fc100000,0x00000000fc100000,0x00000000fcd00000)
 ParOldGen       total 50688K, used 19773K [0x00000000c3a00000, 0x00000000c6b80000, 0x00000000ebe00000)
  object space 50688K, 39% used [0x00000000c3a00000,0x00000000c4d4f7e8,0x00000000c6b80000)
 Metaspace       used 20760K, capacity 21272K, committed 21296K, reserved 1069056K
  class space    used 2454K, capacity 2605K, committed 2608K, reserved 1048576K
}
Event: 11,303 GC heap before
{Heap before GC invocations=9 (full 1):
 PSYoungGen      total 137216K, used 126464K [0x00000000ebe00000, 0x00000000fcd00000, 0x0000000100000000)
  eden space 126464K, 100% used [0x00000000ebe00000,0x00000000f3980000,0x00000000f3980000)
  from space 10752K, 0% used [0x00000000f3980000,0x00000000f3980000,0x00000000f4400000)
  to   space 12288K, 0% used [0x00000000fc100000,0x00000000fc100000,0x00000000fcd00000)
 ParOldGen       total 50688K, used 19773K [0x00000000c3a00000, 0x00000000c6b80000, 0x00000000ebe00000)
  object space 50688K, 39% used [0x00000000c3a00000,0x00000000c4d4f7e8,0x00000000c6b80000)
 Metaspace       used 26002K, capacity 26776K, committed 27056K, reserved 1073152K
  class space    used 2980K, capacity 3175K, committed 3248K, reserved 1048576K
Event: 11,345 GC heap after
Heap after GC invocations=9 (full 1):
 PSYoungGen      total 197120K, used 12286K [0x00000000ebe00000, 0x00000000fcd00000, 0x0000000100000000)
  eden space 184832K, 0% used [0x00000000ebe00000,0x00000000ebe00000,0x00000000f7280000)
  from space 12288K, 99% used [0x00000000fc100000,0x00000000fccff800,0x00000000fcd00000)
  to   space 15872K, 0% used [0x00000000fae00000,0x00000000fae00000,0x00000000fbd80000)
 ParOldGen       total 50688K, used 23227K [0x00000000c3a00000, 0x00000000c6b80000, 0x00000000ebe00000)
  object space 50688K, 45% used [0x00000000c3a00000,0x00000000c50aef70,0x00000000c6b80000)
 Metaspace       used 26002K, capacity 26776K, committed 27056K, reserved 1073152K
  class space    used 2980K, capacity 3175K, committed 3248K, reserved 1048576K
}
Event: 23,919 GC heap before
{Heap before GC invocations=10 (full 1):
 PSYoungGen      total 197120K, used 69419K [0x00000000ebe00000, 0x00000000fcd00000, 0x0000000100000000)
  eden space 184832K, 30% used [0x00000000ebe00000,0x00000000ef5cb4b0,0x00000000f7280000)
  from space 12288K, 99% used [0x00000000fc100000,0x00000000fccff800,0x00000000fcd00000)
  to   space 15872K, 0% used [0x00000000fae00000,0x00000000fae00000,0x00000000fbd80000)
 ParOldGen       total 50688K, used 23227K [0x00000000c3a00000, 0x00000000c6b80000, 0x00000000ebe00000)
  object space 50688K, 45% used [0x00000000c3a00000,0x00000000c50aef70,0x00000000c6b80000)
 Metaspace       used 28662K, capacity 29618K, committed 29744K, reserved 1075200K
  class space    used 3311K, capacity 3606K, committed 3632K, reserved 1048576K
Event: 23,960 GC heap after
Heap after GC invocations=10 (full 1):
 PSYoungGen      total 200704K, used 15679K [0x00000000ebe00000, 0x00000000fc180000, 0x0000000100000000)
  eden space 184832K, 0% used [0x00000000ebe00000,0x00000000ebe00000,0x00000000f7280000)
  from space 15872K, 98% used [0x00000000fae00000,0x00000000fbd4fe58,0x00000000fbd80000)
  to   space 4096K, 0% used [0x00000000fbd80000,0x00000000fbd80000,0x00000000fc180000)
 ParOldGen       total 50688K, used 23235K [0x00000000c3a00000, 0x00000000c6b80000, 0x00000000ebe00000)
  object space 50688K, 45% used [0x00000000c3a00000,0x00000000c50b0f70,0x00000000c6b80000)
 Metaspace       used 28662K, capacity 29618K, committed 29744K, reserved 1075200K
  class space    used 3311K, capacity 3606K, committed 3632K, reserved 1048576K
}
Event: 23,960 GC heap before
{Heap before GC invocations=11 (full 2):
 PSYoungGen      total 200704K, used 15679K [0x00000000ebe00000, 0x00000000fc180000, 0x0000000100000000)
  eden space 184832K, 0% used [0x00000000ebe00000,0x00000000ebe00000,0x00000000f7280000)
  from space 15872K, 98% used [0x00000000fae00000,0x00000000fbd4fe58,0x00000000fbd80000)
  to   space 4096K, 0% used [0x00000000fbd80000,0x00000000fbd80000,0x00000000fc180000)
 ParOldGen       total 50688K, used 23235K [0x00000000c3a00000, 0x00000000c6b80000, 0x00000000ebe00000)
  object space 50688K, 45% used [0x00000000c3a00000,0x00000000c50b0f70,0x00000000c6b80000)
 Metaspace       used 28662K, capacity 29618K, committed 29744K, reserved 1075200K
  class space    used 3311K, capacity 3606K, committed 3632K, reserved 1048576K

